<?xml version="1.0" encoding="UTF-8"?>
<!-- Generated by org.testng.reporters.JUnitXMLReporter -->
<testsuite hostname="LAPTOP-7OIHNNUL" name="Test" tests="4" failures="2" timestamp="25 Apr 2017 16:50:17 GMT" time="82.014" errors="0">
  <testcase name="testing" time="0.096" classname="com.weightwatchers.testscripts.HomePageTest"/>
  <testcase name="analyzeStockQuote" time="6.217" classname="com.weightwatchers.testscripts.HomePageTest">
    <failure type="java.lang.AssertionError" message="expected [67.87] but found [67.84]">
      <![CDATA[java.lang.AssertionError: expected [67.87] but found [67.84]
	at com.weightwatchers.testscripts.HomePageTest.analyzeStockQuote(HomePageTest.java:30)
... Removed 28 stack frames]]>
    </failure>
  </testcase> <!-- analyzeStockQuote -->
  <testcase name="analyzeStockQuote" time="5.116" classname="com.weightwatchers.testscripts.HomePageTest">
    <failure type="java.lang.AssertionError" message="expected [864.3775] but found [863.75]">
      <![CDATA[java.lang.AssertionError: expected [864.3775] but found [863.75]
	at com.weightwatchers.testscripts.HomePageTest.analyzeStockQuote(HomePageTest.java:30)
... Removed 28 stack frames]]>
    </failure>
  </testcase> <!-- analyzeStockQuote -->
  <testcase name="compareWithHighAndLow" time="0.0" classname="com.weightwatchers.testscripts.HomePageTest">
    <skipped/>
  </testcase> <!-- compareWithHighAndLow -->
</testsuite> <!-- Test -->
