<?xml version="1.0" encoding="UTF-8"?>
<testng-results skipped="1" failed="2" total="4" passed="1">
  <reporter-output>
  </reporter-output>
  <suite name="Suite" duration-ms="82014" started-at="2017-04-25T16:48:55Z" finished-at="2017-04-25T16:50:17Z">
    <groups>
    </groups>
    <test name="Test" duration-ms="82014" started-at="2017-04-25T16:48:55Z" finished-at="2017-04-25T16:50:17Z">
      <class name="com.weightwatchers.testscripts.HomePageTest">
        <test-method status="PASS" signature="beforeMethod()[pri:0, instance:com.weightwatchers.testscripts.HomePageTest@5e3a8624]" name="beforeMethod" is-config="true" duration-ms="17256" started-at="2017-04-25T09:48:55Z" finished-at="2017-04-25T09:49:12Z">
          <reporter-output>
          </reporter-output>
        </test-method> <!-- beforeMethod -->
        <test-method status="PASS" signature="testing()[pri:0, instance:com.weightwatchers.testscripts.HomePageTest@5e3a8624]" name="testing" duration-ms="96" started-at="2017-04-25T09:49:12Z" finished-at="2017-04-25T09:49:13Z">
          <reporter-output>
          </reporter-output>
        </test-method> <!-- testing -->
        <test-method status="PASS" signature="afterMethod()[pri:0, instance:com.weightwatchers.testscripts.HomePageTest@5e3a8624]" name="afterMethod" is-config="true" duration-ms="4604" started-at="2017-04-25T09:49:13Z" finished-at="2017-04-25T09:49:17Z">
          <reporter-output>
          </reporter-output>
        </test-method> <!-- afterMethod -->
        <test-method status="PASS" signature="beforeMethod()[pri:0, instance:com.weightwatchers.testscripts.HomePageTest@5e3a8624]" name="beforeMethod" is-config="true" duration-ms="20653" started-at="2017-04-25T09:49:17Z" finished-at="2017-04-25T09:49:38Z">
          <reporter-output>
          </reporter-output>
        </test-method> <!-- beforeMethod -->
        <test-method status="FAIL" signature="analyzeStockQuote(java.lang.String, java.lang.String, double, double, double)[pri:0, instance:com.weightwatchers.testscripts.HomePageTest@5e3a8624]" name="analyzeStockQuote" duration-ms="6217" started-at="2017-04-25T09:49:38Z" data-provider="stockdata" finished-at="2017-04-25T09:49:44Z">
          <params>
            <param index="0">
              <value>
                <![CDATA[MSFT]]>
              </value>
            </param>
            <param index="1">
              <value>
                <![CDATA[Microsoft Corporation]]>
              </value>
            </param>
            <param index="2">
              <value>
                <![CDATA[67.84]]>
              </value>
            </param>
            <param index="3">
              <value>
                <![CDATA[67.66]]>
              </value>
            </param>
            <param index="4">
              <value>
                <![CDATA[48.035]]>
              </value>
            </param>
          </params>
          <exception class="java.lang.AssertionError">
            <message>
              <![CDATA[expected [67.87] but found [67.84]]]>
            </message>
            <full-stacktrace>
              <![CDATA[java.lang.AssertionError: expected [67.87] but found [67.84]
	at org.testng.Assert.fail(Assert.java:94)
	at org.testng.Assert.failNotEquals(Assert.java:496)
	at org.testng.Assert.assertEquals(Assert.java:125)
	at org.testng.Assert.assertEquals(Assert.java:167)
	at com.weightwatchers.testscripts.HomePageTest.analyzeStockQuote(HomePageTest.java:30)
	at sun.reflect.NativeMethodAccessorImpl.invoke0(Native Method)
	at sun.reflect.NativeMethodAccessorImpl.invoke(NativeMethodAccessorImpl.java:62)
	at sun.reflect.DelegatingMethodAccessorImpl.invoke(DelegatingMethodAccessorImpl.java:43)
	at java.lang.reflect.Method.invoke(Method.java:498)
	at org.testng.internal.MethodInvocationHelper.invokeMethod(MethodInvocationHelper.java:85)
	at org.testng.internal.Invoker.invokeMethod(Invoker.java:639)
	at org.testng.internal.Invoker.invokeTestMethod(Invoker.java:816)
	at org.testng.internal.Invoker.invokeTestMethods(Invoker.java:1124)
	at org.testng.internal.TestMethodWorker.invokeTestMethods(TestMethodWorker.java:125)
	at org.testng.internal.TestMethodWorker.run(TestMethodWorker.java:108)
	at org.testng.TestRunner.privateRun(TestRunner.java:774)
	at org.testng.TestRunner.run(TestRunner.java:624)
	at org.testng.SuiteRunner.runTest(SuiteRunner.java:359)
	at org.testng.SuiteRunner.runSequentially(SuiteRunner.java:354)
	at org.testng.SuiteRunner.privateRun(SuiteRunner.java:312)
	at org.testng.SuiteRunner.run(SuiteRunner.java:261)
	at org.testng.SuiteRunnerWorker.runSuite(SuiteRunnerWorker.java:52)
	at org.testng.SuiteRunnerWorker.run(SuiteRunnerWorker.java:86)
	at org.testng.TestNG.runSuitesSequentially(TestNG.java:1215)
	at org.testng.TestNG.runSuitesLocally(TestNG.java:1140)
	at org.testng.TestNG.run(TestNG.java:1048)
	at org.testng.remote.AbstractRemoteTestNG.run(AbstractRemoteTestNG.java:132)
	at org.testng.remote.RemoteTestNG.initAndRun(RemoteTestNG.java:236)
	at org.testng.remote.RemoteTestNG.main(RemoteTestNG.java:81)
]]>
            </full-stacktrace>
          </exception> <!-- java.lang.AssertionError -->
          <reporter-output>
          </reporter-output>
        </test-method> <!-- analyzeStockQuote -->
        <test-method status="PASS" signature="afterMethod()[pri:0, instance:com.weightwatchers.testscripts.HomePageTest@5e3a8624]" name="afterMethod" is-config="true" duration-ms="4581" started-at="2017-04-25T09:49:44Z" finished-at="2017-04-25T09:49:49Z">
          <reporter-output>
          </reporter-output>
        </test-method> <!-- afterMethod -->
        <test-method status="PASS" signature="beforeMethod()[pri:0, instance:com.weightwatchers.testscripts.HomePageTest@5e3a8624]" name="beforeMethod" is-config="true" duration-ms="18982" started-at="2017-04-25T09:49:49Z" finished-at="2017-04-25T09:50:08Z">
          <reporter-output>
          </reporter-output>
        </test-method> <!-- beforeMethod -->
        <test-method status="FAIL" signature="analyzeStockQuote(java.lang.String, java.lang.String, double, double, double)[pri:0, instance:com.weightwatchers.testscripts.HomePageTest@5e3a8624]" name="analyzeStockQuote" duration-ms="5116" started-at="2017-04-25T09:50:08Z" data-provider="stockdata" finished-at="2017-04-25T09:50:13Z">
          <params>
            <param index="0">
              <value>
                <![CDATA[GOOG]]>
              </value>
            </param>
            <param index="1">
              <value>
                <![CDATA[Alphabet Inc.]]>
              </value>
            </param>
            <param index="2">
              <value>
                <![CDATA[863.75]]>
              </value>
            </param>
            <param index="3">
              <value>
                <![CDATA[863.45]]>
              </value>
            </param>
            <param index="4">
              <value>
                <![CDATA[663.284]]>
              </value>
            </param>
          </params>
          <exception class="java.lang.AssertionError">
            <message>
              <![CDATA[expected [864.3775] but found [863.75]]]>
            </message>
            <full-stacktrace>
              <![CDATA[java.lang.AssertionError: expected [864.3775] but found [863.75]
	at org.testng.Assert.fail(Assert.java:94)
	at org.testng.Assert.failNotEquals(Assert.java:496)
	at org.testng.Assert.assertEquals(Assert.java:125)
	at org.testng.Assert.assertEquals(Assert.java:167)
	at com.weightwatchers.testscripts.HomePageTest.analyzeStockQuote(HomePageTest.java:30)
	at sun.reflect.NativeMethodAccessorImpl.invoke0(Native Method)
	at sun.reflect.NativeMethodAccessorImpl.invoke(NativeMethodAccessorImpl.java:62)
	at sun.reflect.DelegatingMethodAccessorImpl.invoke(DelegatingMethodAccessorImpl.java:43)
	at java.lang.reflect.Method.invoke(Method.java:498)
	at org.testng.internal.MethodInvocationHelper.invokeMethod(MethodInvocationHelper.java:85)
	at org.testng.internal.Invoker.invokeMethod(Invoker.java:639)
	at org.testng.internal.Invoker.invokeTestMethod(Invoker.java:816)
	at org.testng.internal.Invoker.invokeTestMethods(Invoker.java:1124)
	at org.testng.internal.TestMethodWorker.invokeTestMethods(TestMethodWorker.java:125)
	at org.testng.internal.TestMethodWorker.run(TestMethodWorker.java:108)
	at org.testng.TestRunner.privateRun(TestRunner.java:774)
	at org.testng.TestRunner.run(TestRunner.java:624)
	at org.testng.SuiteRunner.runTest(SuiteRunner.java:359)
	at org.testng.SuiteRunner.runSequentially(SuiteRunner.java:354)
	at org.testng.SuiteRunner.privateRun(SuiteRunner.java:312)
	at org.testng.SuiteRunner.run(SuiteRunner.java:261)
	at org.testng.SuiteRunnerWorker.runSuite(SuiteRunnerWorker.java:52)
	at org.testng.SuiteRunnerWorker.run(SuiteRunnerWorker.java:86)
	at org.testng.TestNG.runSuitesSequentially(TestNG.java:1215)
	at org.testng.TestNG.runSuitesLocally(TestNG.java:1140)
	at org.testng.TestNG.run(TestNG.java:1048)
	at org.testng.remote.AbstractRemoteTestNG.run(AbstractRemoteTestNG.java:132)
	at org.testng.remote.RemoteTestNG.initAndRun(RemoteTestNG.java:236)
	at org.testng.remote.RemoteTestNG.main(RemoteTestNG.java:81)
]]>
            </full-stacktrace>
          </exception> <!-- java.lang.AssertionError -->
          <reporter-output>
          </reporter-output>
        </test-method> <!-- analyzeStockQuote -->
        <test-method status="PASS" signature="afterMethod()[pri:0, instance:com.weightwatchers.testscripts.HomePageTest@5e3a8624]" name="afterMethod" is-config="true" duration-ms="4484" started-at="2017-04-25T09:50:13Z" finished-at="2017-04-25T09:50:17Z">
          <reporter-output>
          </reporter-output>
        </test-method> <!-- afterMethod -->
        <test-method status="SKIP" signature="compareWithHighAndLow()[pri:0, instance:com.weightwatchers.testscripts.HomePageTest@5e3a8624]" name="compareWithHighAndLow" duration-ms="0" started-at="2017-04-25T09:50:17Z" depends-on-methods="com.weightwatchers.testscripts.HomePageTest.analyzeStockQuote" finished-at="2017-04-25T09:50:17Z">
          <exception class="java.lang.Throwable">
            <message>
              <![CDATA[Method HomePageTest.compareWithHighAndLow()[pri:0, instance:com.weightwatchers.testscripts.HomePageTest@5e3a8624] depends on not successfully finished methods]]>
            </message>
            <full-stacktrace>
              <![CDATA[java.lang.Throwable: Method HomePageTest.compareWithHighAndLow()[pri:0, instance:com.weightwatchers.testscripts.HomePageTest@5e3a8624] depends on not successfully finished methods
	at org.testng.internal.Invoker.invokeTestMethods(Invoker.java:1033)
	at org.testng.internal.TestMethodWorker.invokeTestMethods(TestMethodWorker.java:125)
	at org.testng.internal.TestMethodWorker.run(TestMethodWorker.java:108)
	at org.testng.TestRunner.privateRun(TestRunner.java:774)
	at org.testng.TestRunner.run(TestRunner.java:624)
	at org.testng.SuiteRunner.runTest(SuiteRunner.java:359)
	at org.testng.SuiteRunner.runSequentially(SuiteRunner.java:354)
	at org.testng.SuiteRunner.privateRun(SuiteRunner.java:312)
	at org.testng.SuiteRunner.run(SuiteRunner.java:261)
	at org.testng.SuiteRunnerWorker.runSuite(SuiteRunnerWorker.java:52)
	at org.testng.SuiteRunnerWorker.run(SuiteRunnerWorker.java:86)
	at org.testng.TestNG.runSuitesSequentially(TestNG.java:1215)
	at org.testng.TestNG.runSuitesLocally(TestNG.java:1140)
	at org.testng.TestNG.run(TestNG.java:1048)
	at org.testng.remote.AbstractRemoteTestNG.run(AbstractRemoteTestNG.java:132)
	at org.testng.remote.RemoteTestNG.initAndRun(RemoteTestNG.java:236)
	at org.testng.remote.RemoteTestNG.main(RemoteTestNG.java:81)
]]>
            </full-stacktrace>
          </exception> <!-- java.lang.Throwable -->
          <reporter-output>
          </reporter-output>
        </test-method> <!-- compareWithHighAndLow -->
      </class> <!-- com.weightwatchers.testscripts.HomePageTest -->
    </test> <!-- Test -->
  </suite> <!-- Suite -->
</testng-results>
